\BOOKMARK [0][-]{chapter.1}{\376\377\0001\000\040\000D\000r\000i\000v\000e\000P\000O\000C\000C\000o\000n\000t\000r\000o\000l\000l\000e\000r}{}% 1
\BOOKMARK [0][-]{chapter.2}{\376\377\0002\000\040\000T\000o\000d\000o\000\040\000L\000i\000s\000t}{}% 2
\BOOKMARK [0][-]{chapter.3}{\376\377\0003\000\040\000M\000o\000d\000u\000l\000e\000\040\000I\000n\000d\000e\000x}{}% 3
\BOOKMARK [1][-]{section.3.1}{\376\377\0003\000.\0001\000\040\000M\000o\000d\000u\000l\000e\000s}{chapter.3}% 4
\BOOKMARK [0][-]{chapter.4}{\376\377\0004\000\040\000D\000a\000t\000a\000\040\000S\000t\000r\000u\000c\000t\000u\000r\000e\000\040\000I\000n\000d\000e\000x}{}% 5
\BOOKMARK [1][-]{section.4.1}{\376\377\0004\000.\0001\000\040\000D\000a\000t\000a\000\040\000S\000t\000r\000u\000c\000t\000u\000r\000e\000s}{chapter.4}% 6
\BOOKMARK [0][-]{chapter.5}{\376\377\0005\000\040\000F\000i\000l\000e\000\040\000I\000n\000d\000e\000x}{}% 7
\BOOKMARK [1][-]{section.5.1}{\376\377\0005\000.\0001\000\040\000F\000i\000l\000e\000\040\000L\000i\000s\000t}{chapter.5}% 8
\BOOKMARK [0][-]{chapter.6}{\376\377\0006\000\040\000M\000o\000d\000u\000l\000e\000\040\000D\000o\000c\000u\000m\000e\000n\000t\000a\000t\000i\000o\000n}{}% 9
\BOOKMARK [1][-]{section.6.1}{\376\377\0006\000.\0001\000\040\000C\000o\000m\000m\000u\000n\000i\000c\000a\000t\000i\000o\000n\000\040\000H\000a\000n\000d\000l\000e\000r}{chapter.6}% 10
\BOOKMARK [2][-]{subsection.6.1.1}{\376\377\0006\000.\0001\000.\0001\000\040\000D\000e\000t\000a\000i\000l\000e\000d\000\040\000D\000e\000s\000c\000r\000i\000p\000t\000i\000o\000n}{section.6.1}% 11
\BOOKMARK [2][-]{subsection.6.1.2}{\376\377\0006\000.\0001\000.\0002\000\040\000F\000u\000n\000c\000t\000i\000o\000n\000\040\000D\000o\000c\000u\000m\000e\000n\000t\000a\000t\000i\000o\000n}{section.6.1}% 12
\BOOKMARK [3][-]{subsubsection.6.1.2.1}{\376\377\0006\000.\0001\000.\0002\000.\0001\000\040\000A\000D\000S\000\137\000D\000S\000P\000I\000\137\000M\000a\000s\000t\000e\000r\000U\000s\000e\000r\000C\000a\000l\000l\000b\000a\000c\000k\000\050\000\051}{subsection.6.1.2}% 13
\BOOKMARK [3][-]{subsubsection.6.1.2.2}{\376\377\0006\000.\0001\000.\0002\000.\0002\000\040\000a\000d\000s\000\137\000s\000p\000i\000\137\000e\000d\000m\000a\000\137\000i\000n\000i\000t\000\050\000\051}{subsection.6.1.2}% 14
\BOOKMARK [3][-]{subsubsection.6.1.2.3}{\376\377\0006\000.\0001\000.\0002\000.\0003\000\040\000a\000d\000s\000\137\000s\000p\000i\000\137\000t\000r\000a\000n\000s\000f\000e\000r\000\137\000b\000l\000o\000c\000k\000\050\000\051}{subsection.6.1.2}% 15
\BOOKMARK [3][-]{subsubsection.6.1.2.4}{\376\377\0006\000.\0001\000.\0002\000.\0004\000\040\000C\000o\000l\000l\000e\000c\000t\000\137\000D\000a\000t\000a\000\137\000f\000r\000o\000m\000\137\000P\000T\000\137\0001\0000\0000\0000\000\050\000\051}{subsection.6.1.2}% 16
\BOOKMARK [3][-]{subsubsection.6.1.2.5}{\376\377\0006\000.\0001\000.\0002\000.\0005\000\040\000C\000o\000m\000p\000a\000r\000a\000t\000o\000r\000\137\000I\000n\000i\000t\000\050\000\051}{subsection.6.1.2}% 17
\BOOKMARK [3][-]{subsubsection.6.1.2.6}{\376\377\0006\000.\0001\000.\0002\000.\0006\000\040\000c\000o\000m\000p\000a\000r\000a\000t\000o\000r\000\137\000i\000n\000i\000t\000\050\000\051}{subsection.6.1.2}% 18
\BOOKMARK [3][-]{subsubsection.6.1.2.7}{\376\377\0006\000.\0001\000.\0002\000.\0007\000\040\000d\000e\000l\000a\000y\000\050\000\051}{subsection.6.1.2}% 19
\BOOKMARK [3][-]{subsubsection.6.1.2.8}{\376\377\0006\000.\0001\000.\0002\000.\0008\000\040\000D\000r\000i\000v\000e\000P\000O\000C\000\137\000C\000o\000m\000m\000\137\000H\000a\000n\000d\000l\000e\000r\000\137\000I\000n\000i\000t\000\050\000\051}{subsection.6.1.2}% 20
\BOOKMARK [3][-]{subsubsection.6.1.2.9}{\376\377\0006\000.\0001\000.\0002\000.\0009\000\040\000D\000r\000i\000v\000e\000P\000O\000C\000\137\000C\000o\000m\000m\000\137\000H\000a\000n\000d\000l\000e\000r\000\137\000P\000W\000M\000D\000i\000s\000\050\000\051}{subsection.6.1.2}% 21
\BOOKMARK [3][-]{subsubsection.6.1.2.10}{\376\377\0006\000.\0001\000.\0002\000.\0001\0000\000\040\000D\000r\000i\000v\000e\000P\000O\000C\000\137\000U\000p\000d\000a\000t\000e\000D\000u\000t\000y\000C\000y\000c\000\050\000\051}{subsection.6.1.2}% 22
\BOOKMARK [3][-]{subsubsection.6.1.2.11}{\376\377\0006\000.\0001\000.\0002\000.\0001\0001\000\040\000I\000n\000b\000u\000i\000l\000t\000A\000D\000C\000\137\000I\000n\000i\000t\000\050\000\051}{subsection.6.1.2}% 23
\BOOKMARK [3][-]{subsubsection.6.1.2.12}{\376\377\0006\000.\0001\000.\0002\000.\0001\0002\000\040\000l\000t\000c\000\137\000c\000o\000n\000v\000e\000r\000t\000\137\000c\000h\000a\000n\000n\000e\000l\000\050\000\051}{subsection.6.1.2}% 24
\BOOKMARK [3][-]{subsubsection.6.1.2.13}{\376\377\0006\000.\0001\000.\0002\000.\0001\0003\000\040\000L\000T\000C\000\137\000D\000S\000P\000I\000\137\000M\000a\000s\000t\000e\000r\000U\000s\000e\000r\000C\000a\000l\000l\000b\000a\000c\000k\000\050\000\051}{subsection.6.1.2}% 25
\BOOKMARK [3][-]{subsubsection.6.1.2.14}{\376\377\0006\000.\0001\000.\0002\000.\0001\0004\000\040\000l\000t\000c\000\137\000g\000e\000t\000\137\000r\000e\000s\000u\000l\000t\000\050\000\051}{subsection.6.1.2}% 26
\BOOKMARK [3][-]{subsubsection.6.1.2.15}{\376\377\0006\000.\0001\000.\0002\000.\0001\0005\000\040\000l\000t\000c\000\137\000g\000e\000t\000\137\000s\000t\000a\000r\000t\000\137\000a\000d\000d\000r\000e\000s\000s\000\050\000\051}{subsection.6.1.2}% 27
\BOOKMARK [3][-]{subsubsection.6.1.2.16}{\376\377\0006\000.\0001\000.\0002\000.\0001\0006\000\040\000l\000t\000c\000\137\000m\000e\000a\000s\000u\000r\000e\000\137\000c\000h\000a\000n\000n\000e\000l\000\050\000\051}{subsection.6.1.2}% 28
\BOOKMARK [3][-]{subsubsection.6.1.2.17}{\376\377\0006\000.\0001\000.\0002\000.\0001\0007\000\040\000l\000t\000c\000\137\000p\000r\000i\000n\000t\000\137\000c\000o\000n\000v\000e\000r\000s\000i\000o\000n\000\137\000r\000e\000s\000u\000l\000t\000\050\000\051}{subsection.6.1.2}% 29
\BOOKMARK [3][-]{subsubsection.6.1.2.18}{\376\377\0006\000.\0001\000.\0002\000.\0001\0008\000\040\000l\000t\000c\000\137\000p\000r\000i\000n\000t\000\137\000f\000a\000u\000l\000t\000\137\000d\000a\000t\000a\000\050\000\051}{subsection.6.1.2}% 30
\BOOKMARK [3][-]{subsubsection.6.1.2.19}{\376\377\0006\000.\0001\000.\0002\000.\0001\0009\000\040\000l\000t\000c\000\137\000r\000e\000a\000d\000\137\000v\000o\000l\000t\000a\000g\000e\000\137\000o\000r\000\137\000r\000e\000s\000i\000s\000t\000a\000n\000c\000e\000\137\000r\000e\000s\000u\000l\000t\000s\000\050\000\051}{subsection.6.1.2}% 31
\BOOKMARK [3][-]{subsubsection.6.1.2.20}{\376\377\0006\000.\0001\000.\0002\000.\0002\0000\000\040\000l\000t\000c\000\137\000s\000p\000i\000\137\000e\000d\000m\000a\000\137\000i\000n\000i\000t\000\050\000\051}{subsection.6.1.2}% 32
\BOOKMARK [3][-]{subsubsection.6.1.2.21}{\376\377\0006\000.\0001\000.\0002\000.\0002\0001\000\040\000l\000t\000c\000\137\000s\000p\000i\000\137\000t\000r\000a\000n\000s\000f\000e\000r\000\137\000b\000l\000o\000c\000k\000\050\000\051}{subsection.6.1.2}% 33
\BOOKMARK [3][-]{subsubsection.6.1.2.22}{\376\377\0006\000.\0001\000.\0002\000.\0002\0002\000\040\000l\000t\000c\000\137\000t\000r\000a\000n\000s\000f\000e\000r\000\137\000b\000y\000t\000e\000\050\000\051}{subsection.6.1.2}% 34
\BOOKMARK [3][-]{subsubsection.6.1.2.23}{\376\377\0006\000.\0001\000.\0002\000.\0002\0003\000\040\000l\000t\000c\000\137\000t\000r\000a\000n\000s\000f\000e\000r\000\137\000f\000o\000u\000r\000\137\000b\000y\000t\000e\000s\000\050\000\051}{subsection.6.1.2}% 35
\BOOKMARK [3][-]{subsubsection.6.1.2.24}{\376\377\0006\000.\0001\000.\0002\000.\0002\0004\000\040\000l\000t\000c\000\137\000w\000a\000i\000t\000\137\000f\000o\000r\000\137\000p\000r\000o\000c\000e\000s\000s\000\137\000t\000o\000\137\000f\000i\000n\000i\000s\000h\000\050\000\051}{subsection.6.1.2}% 36
\BOOKMARK [3][-]{subsubsection.6.1.2.25}{\376\377\0006\000.\0001\000.\0002\000.\0002\0005\000\040\000M\000e\000a\000s\000u\000r\000e\000\137\000f\000r\000o\000m\000\137\000P\000T\000C\000\137\0001\0005\0000\000\050\000\051}{subsection.6.1.2}% 37
\BOOKMARK [3][-]{subsubsection.6.1.2.26}{\376\377\0006\000.\0001\000.\0002\000.\0002\0006\000\040\000P\000r\000i\000n\000t\000D\000e\000b\000u\000g\000I\000n\000f\000o\000\050\000\051}{subsection.6.1.2}% 38
\BOOKMARK [3][-]{subsubsection.6.1.2.27}{\376\377\0006\000.\0001\000.\0002\000.\0002\0007\000\040\000P\000W\000M\000\137\000I\000n\000i\000t\000\050\000\051}{subsection.6.1.2}% 39
\BOOKMARK [3][-]{subsubsection.6.1.2.28}{\376\377\0006\000.\0001\000.\0002\000.\0002\0008\000\040\000R\000e\000a\000d\000F\000r\000o\000m\000E\000n\000c\000o\000d\000e\000r\000\050\000\051}{subsection.6.1.2}% 40
\BOOKMARK [2][-]{subsection.6.1.3}{\376\377\0006\000.\0001\000.\0003\000\040\000V\000a\000r\000i\000a\000b\000l\000e\000\040\000D\000o\000c\000u\000m\000e\000n\000t\000a\000t\000i\000o\000n}{section.6.1}% 41
\BOOKMARK [3][-]{subsubsection.6.1.3.1}{\376\377\0006\000.\0001\000.\0003\000.\0001\000\040\000s\000\137\000o\000p\000e\000n\000\137\000l\000o\000o\000p}{subsection.6.1.3}% 42
\BOOKMARK [1][-]{section.6.2}{\376\377\0006\000.\0002\000\040\000V\000/\000F\000\040\000C\000o\000n\000t\000r\000o\000l\000\040\000A\000l\000g\000o\000r\000i\000t\000h\000m}{chapter.6}% 43
\BOOKMARK [2][-]{subsection.6.2.1}{\376\377\0006\000.\0002\000.\0001\000\040\000D\000e\000t\000a\000i\000l\000e\000d\000\040\000D\000e\000s\000c\000r\000i\000p\000t\000i\000o\000n}{section.6.2}% 44
\BOOKMARK [2][-]{subsection.6.2.2}{\376\377\0006\000.\0002\000.\0002\000\040\000F\000u\000n\000c\000t\000i\000o\000n\000\040\000D\000o\000c\000u\000m\000e\000n\000t\000a\000t\000i\000o\000n}{section.6.2}% 45
\BOOKMARK [3][-]{subsubsection.6.2.2.1}{\376\377\0006\000.\0002\000.\0002\000.\0001\000\040\000G\000e\000t\000\137\000D\000u\000t\000y\000\137\000C\000y\000c\000l\000e\000\050\000\051}{subsection.6.2.2}% 46
\BOOKMARK [3][-]{subsubsection.6.2.2.2}{\376\377\0006\000.\0002\000.\0002\000.\0002\000\040\000M\000o\000t\000o\000r\000\137\000S\000M\000\137\000C\000a\000l\000i\000b\000r\000a\000t\000i\000o\000n\000\050\000\051}{subsection.6.2.2}% 47
\BOOKMARK [3][-]{subsubsection.6.2.2.3}{\376\377\0006\000.\0002\000.\0002\000.\0003\000\040\000M\000o\000t\000o\000r\000\137\000S\000M\000\137\000R\000e\000a\000d\000y\000\050\000\051}{subsection.6.2.2}% 48
\BOOKMARK [3][-]{subsubsection.6.2.2.4}{\376\377\0006\000.\0002\000.\0002\000.\0004\000\040\000O\000p\000e\000n\000\137\000L\000o\000o\000p\000\137\000C\000o\000n\000t\000r\000o\000l\000\050\000\051}{subsection.6.2.2}% 49
\BOOKMARK [3][-]{subsubsection.6.2.2.5}{\376\377\0006\000.\0002\000.\0002\000.\0005\000\040\000O\000p\000e\000n\000\137\000L\000o\000o\000p\000\137\000M\000a\000i\000n\000S\000t\000a\000t\000e\000M\000C\000\050\000\051}{subsection.6.2.2}% 50
\BOOKMARK [3][-]{subsubsection.6.2.2.6}{\376\377\0006\000.\0002\000.\0002\000.\0006\000\040\000O\000p\000e\000n\000\137\000L\000o\000o\000p\000\137\000M\000o\000t\000o\000r\000S\000t\000a\000t\000e\000M\000C\000\050\000\051}{subsection.6.2.2}% 51
\BOOKMARK [3][-]{subsubsection.6.2.2.7}{\376\377\0006\000.\0002\000.\0002\000.\0007\000\040\000P\000T\000C\000\137\000F\000a\000u\000l\000t\000D\000i\000a\000g\000\050\000\051}{subsection.6.2.2}% 52
\BOOKMARK [3][-]{subsubsection.6.2.2.8}{\376\377\0006\000.\0002\000.\0002\000.\0008\000\040\000S\000y\000s\000t\000e\000m\000\137\000F\000a\000u\000l\000t\000D\000i\000a\000g\000\050\000\051}{subsection.6.2.2}% 53
\BOOKMARK [1][-]{section.6.3}{\376\377\0006\000.\0003\000\040\000F\000a\000u\000l\000t\000\040\000H\000a\000n\000d\000l\000e\000r}{chapter.6}% 54
\BOOKMARK [2][-]{subsection.6.3.1}{\376\377\0006\000.\0003\000.\0001\000\040\000D\000e\000t\000a\000i\000l\000e\000d\000\040\000D\000e\000s\000c\000r\000i\000p\000t\000i\000o\000n}{section.6.3}% 55
\BOOKMARK [2][-]{subsection.6.3.2}{\376\377\0006\000.\0003\000.\0002\000\040\000F\000u\000n\000c\000t\000i\000o\000n\000\040\000D\000o\000c\000u\000m\000e\000n\000t\000a\000t\000i\000o\000n}{section.6.3}% 56
\BOOKMARK [3][-]{subsubsection.6.3.2.1}{\376\377\0006\000.\0003\000.\0002\000.\0001\000\040\000G\000e\000t\000\137\000F\000a\000u\000l\000t\000\137\000D\000u\000t\000y\000\137\000C\000y\000c\000l\000e\000\050\000\051}{subsection.6.3.2}% 57
\BOOKMARK [1][-]{section.6.4}{\376\377\0006\000.\0004\000\040\000M\000e\000m\000o\000r\000y\000\040\000H\000a\000n\000d\000l\000e\000r}{chapter.6}% 58
\BOOKMARK [2][-]{subsection.6.4.1}{\376\377\0006\000.\0004\000.\0001\000\040\000D\000e\000t\000a\000i\000l\000e\000d\000\040\000D\000e\000s\000c\000r\000i\000p\000t\000i\000o\000n}{section.6.4}% 59
\BOOKMARK [2][-]{subsection.6.4.2}{\376\377\0006\000.\0004\000.\0002\000\040\000F\000u\000n\000c\000t\000i\000o\000n\000\040\000D\000o\000c\000u\000m\000e\000n\000t\000a\000t\000i\000o\000n}{section.6.4}% 60
\BOOKMARK [3][-]{subsubsection.6.4.2.1}{\376\377\0006\000.\0004\000.\0002\000.\0001\000\040\000D\000r\000i\000v\000e\000P\000O\000C\000\137\000M\000H\000\137\000G\000e\000t\000E\000n\000c\000o\000d\000e\000r\000S\000p\000e\000e\000d\000\050\000\051}{subsection.6.4.2}% 61
\BOOKMARK [3][-]{subsubsection.6.4.2.2}{\376\377\0006\000.\0004\000.\0002\000.\0002\000\040\000D\000r\000i\000v\000e\000P\000O\000C\000\137\000M\000H\000\137\000G\000e\000t\000V\000I\000v\000a\000l\000u\000e\000s\000\050\000\051}{subsection.6.4.2}% 62
\BOOKMARK [3][-]{subsubsection.6.4.2.3}{\376\377\0006\000.\0004\000.\0002\000.\0003\000\040\000D\000r\000i\000v\000e\000P\000O\000C\000\137\000M\000H\000\137\000U\000p\000d\000a\000t\000e\000E\000n\000c\000o\000d\000e\000r\000S\000p\000e\000e\000d\000\050\000\051}{subsection.6.4.2}% 63
\BOOKMARK [3][-]{subsubsection.6.4.2.4}{\376\377\0006\000.\0004\000.\0002\000.\0004\000\040\000D\000r\000i\000v\000e\000P\000O\000C\000\137\000M\000H\000\137\000U\000p\000d\000a\000t\000e\000V\000I\000v\000a\000l\000u\000e\000s\000\050\000\051}{subsection.6.4.2}% 64
\BOOKMARK [3][-]{subsubsection.6.4.2.5}{\376\377\0006\000.\0004\000.\0002\000.\0005\000\040\000G\000e\000t\000\137\000D\000u\000t\000y\000\137\000C\000y\000c\000l\000e\000\050\000\051}{subsection.6.4.2}% 65
\BOOKMARK [3][-]{subsubsection.6.4.2.6}{\376\377\0006\000.\0004\000.\0002\000.\0006\000\040\000S\000t\000o\000r\000e\000\137\000T\000e\000m\000p\000e\000r\000a\000t\000u\000r\000e\000\137\000f\000r\000o\000m\000\137\000P\000T\000\137\0001\0000\0000\0000\000\050\000\051}{subsection.6.4.2}% 66
\BOOKMARK [0][-]{chapter.7}{\376\377\0007\000\040\000D\000a\000t\000a\000\040\000S\000t\000r\000u\000c\000t\000u\000r\000e\000\040\000D\000o\000c\000u\000m\000e\000n\000t\000a\000t\000i\000o\000n}{}% 67
\BOOKMARK [1][-]{section.7.1}{\376\377\0007\000.\0001\000\040\000M\000a\000i\000n\000\137\000S\000M\000\137\000C\000o\000n\000t\000r\000o\000l\000S\000i\000g\000\040\000S\000t\000r\000u\000c\000t\000\040\000R\000e\000f\000e\000r\000e\000n\000c\000e}{chapter.7}% 68
\BOOKMARK [2][-]{subsection.7.1.1}{\376\377\0007\000.\0001\000.\0001\000\040\000D\000e\000t\000a\000i\000l\000e\000d\000\040\000D\000e\000s\000c\000r\000i\000p\000t\000i\000o\000n}{section.7.1}% 69
\BOOKMARK [2][-]{subsection.7.1.2}{\376\377\0007\000.\0001\000.\0002\000\040\000F\000i\000e\000l\000d\000\040\000D\000o\000c\000u\000m\000e\000n\000t\000a\000t\000i\000o\000n}{section.7.1}% 70
\BOOKMARK [3][-]{subsubsection.7.1.2.1}{\376\377\0007\000.\0001\000.\0002\000.\0001\000\040\000m\000a\000i\000n\000\137\000s\000m\000\137\000c\000t\000r\000l\000\137\000f\000a\000u\000l\000t}{subsection.7.1.2}% 71
\BOOKMARK [3][-]{subsubsection.7.1.2.2}{\376\377\0007\000.\0001\000.\0002\000.\0002\000\040\000m\000a\000i\000n\000\137\000s\000m\000\137\000c\000t\000r\000l\000\137\000i\000n\000i\000t\000\137\000d\000o\000n\000e}{subsection.7.1.2}% 72
\BOOKMARK [3][-]{subsubsection.7.1.2.3}{\376\377\0007\000.\0001\000.\0002\000.\0003\000\040\000m\000a\000i\000n\000\137\000s\000m\000\137\000c\000t\000r\000l\000\137\000r\000u\000n}{subsection.7.1.2}% 73
\BOOKMARK [3][-]{subsubsection.7.1.2.4}{\376\377\0007\000.\0001\000.\0002\000.\0004\000\040\000m\000a\000i\000n\000\137\000s\000m\000\137\000c\000t\000r\000l\000\137\000s\000t\000o\000p}{subsection.7.1.2}% 74
\BOOKMARK [1][-]{section.7.2}{\376\377\0007\000.\0002\000\040\000m\000c\000s\000\137\000a\000c\000i\000m\000\137\000o\000p\000e\000n\000\137\000l\000o\000o\000p\000\137\000s\000t\000r\000\040\000S\000t\000r\000u\000c\000t\000\040\000R\000e\000f\000e\000r\000e\000n\000c\000e}{chapter.7}% 75
\BOOKMARK [2][-]{subsection.7.2.1}{\376\377\0007\000.\0002\000.\0001\000\040\000D\000e\000t\000a\000i\000l\000e\000d\000\040\000D\000e\000s\000c\000r\000i\000p\000t\000i\000o\000n}{section.7.2}% 76
\BOOKMARK [1][-]{section.7.3}{\376\377\0007\000.\0003\000\040\000M\000o\000t\000o\000r\000\137\000S\000M\000\137\000C\000o\000n\000t\000r\000o\000l\000S\000i\000g\000\040\000S\000t\000r\000u\000c\000t\000\040\000R\000e\000f\000e\000r\000e\000n\000c\000e}{chapter.7}% 77
\BOOKMARK [2][-]{subsection.7.3.1}{\376\377\0007\000.\0003\000.\0001\000\040\000D\000e\000t\000a\000i\000l\000e\000d\000\040\000D\000e\000s\000c\000r\000i\000p\000t\000i\000o\000n}{section.7.3}% 78
\BOOKMARK [2][-]{subsection.7.3.2}{\376\377\0007\000.\0003\000.\0002\000\040\000F\000i\000e\000l\000d\000\040\000D\000o\000c\000u\000m\000e\000n\000t\000a\000t\000i\000o\000n}{section.7.3}% 79
\BOOKMARK [3][-]{subsubsection.7.3.2.1}{\376\377\0007\000.\0003\000.\0002\000.\0001\000\040\000c\000a\000l\000i\000b}{subsection.7.3.2}% 80
\BOOKMARK [3][-]{subsubsection.7.3.2.2}{\376\377\0007\000.\0003\000.\0002\000.\0002\000\040\000r\000e\000a\000d\000y}{subsection.7.3.2}% 81
\BOOKMARK [3][-]{subsubsection.7.3.2.3}{\376\377\0007\000.\0003\000.\0002\000.\0003\000\040\000s\000p\000i\000n}{subsection.7.3.2}% 82
\BOOKMARK [3][-]{subsubsection.7.3.2.4}{\376\377\0007\000.\0003\000.\0002\000.\0004\000\040\000s\000t\000a\000r\000t\000\137\000o\000k}{subsection.7.3.2}% 83
\BOOKMARK [0][-]{chapter.8}{\376\377\0008\000\040\000F\000i\000l\000e\000\040\000D\000o\000c\000u\000m\000e\000n\000t\000a\000t\000i\000o\000n}{}% 84
\BOOKMARK [1][-]{section.8.1}{\376\377\0008\000.\0001\000\040\000D\000r\000i\000v\000e\000\137\000P\000a\000r\000a\000m\000e\000t\000e\000r\000s\000.\000h\000\040\000F\000i\000l\000e\000\040\000R\000e\000f\000e\000r\000e\000n\000c\000e}{chapter.8}% 85
\BOOKMARK [2][-]{subsection.8.1.1}{\376\377\0008\000.\0001\000.\0001\000\040\000D\000e\000t\000a\000i\000l\000e\000d\000\040\000D\000e\000s\000c\000r\000i\000p\000t\000i\000o\000n}{section.8.1}% 86
\BOOKMARK [2][-]{subsection.8.1.2}{\376\377\0008\000.\0001\000.\0002\000\040\000M\000a\000c\000r\000o\000\040\000D\000e\000f\000i\000n\000i\000t\000i\000o\000n\000\040\000D\000o\000c\000u\000m\000e\000n\000t\000a\000t\000i\000o\000n}{section.8.1}% 87
\BOOKMARK [3][-]{subsubsection.8.1.2.1}{\376\377\0008\000.\0001\000.\0002\000.\0001\000\040\000B}{subsection.8.1.2}% 88
\BOOKMARK [3][-]{subsubsection.8.1.2.2}{\376\377\0008\000.\0001\000.\0002\000.\0002\000\040\000F\000\137\000N\000O\000M}{subsection.8.1.2}% 89
\BOOKMARK [3][-]{subsubsection.8.1.2.3}{\376\377\0008\000.\0001\000.\0002\000.\0003\000\040\000F\000C}{subsection.8.1.2}% 90
\BOOKMARK [3][-]{subsubsection.8.1.2.4}{\376\377\0008\000.\0001\000.\0002\000.\0004\000\040\000I\000\137\000N\000O\000M\000\137\000L\000L\000\137\000R\000M\000S}{subsection.8.1.2}% 91
\BOOKMARK [3][-]{subsubsection.8.1.2.5}{\376\377\0008\000.\0001\000.\0002\000.\0005\000\040\000I\000\137\000N\000O\000M\000\137\000P\000H\000A\000S\000E\000\137\000R\000M\000S}{subsection.8.1.2}% 92
\BOOKMARK [3][-]{subsubsection.8.1.2.6}{\376\377\0008\000.\0001\000.\0002\000.\0006\000\040\000I\000I\000N\000\137\000I\000N\000V\000E\000R\000T\000E\000R\000\137\000M\000A\000X}{subsection.8.1.2}% 93
\BOOKMARK [3][-]{subsubsection.8.1.2.7}{\376\377\0008\000.\0001\000.\0002\000.\0007\000\040\000I\000I\000N\000\137\000I\000N\000V\000E\000R\000T\000E\000R\000\137\000M\000I\000N}{subsection.8.1.2}% 94
\BOOKMARK [3][-]{subsubsection.8.1.2.8}{\376\377\0008\000.\0001\000.\0002\000.\0008\000\040\000I\000O\000U\000T\000\137\000I\000N\000V\000E\000R\000T\000E\000R\000\137\000M\000A\000X}{subsection.8.1.2}% 95
\BOOKMARK [3][-]{subsubsection.8.1.2.9}{\376\377\0008\000.\0001\000.\0002\000.\0009\000\040\000I\000O\000U\000T\000\137\000I\000N\000V\000E\000R\000T\000E\000R\000\137\000M\000I\000N}{subsection.8.1.2}% 96
\BOOKMARK [3][-]{subsubsection.8.1.2.10}{\376\377\0008\000.\0001\000.\0002\000.\0001\0000\000\040\000J}{subsection.8.1.2}% 97
\BOOKMARK [3][-]{subsubsection.8.1.2.11}{\376\377\0008\000.\0001\000.\0002\000.\0001\0001\000\040\000L\000L\000R}{subsection.8.1.2}% 98
\BOOKMARK [3][-]{subsubsection.8.1.2.12}{\376\377\0008\000.\0001\000.\0002\000.\0001\0002\000\040\000L\000L\000S}{subsection.8.1.2}% 99
\BOOKMARK [3][-]{subsubsection.8.1.2.13}{\376\377\0008\000.\0001\000.\0002\000.\0001\0003\000\040\000L\000M}{subsection.8.1.2}% 100
\BOOKMARK [3][-]{subsubsection.8.1.2.14}{\376\377\0008\000.\0001\000.\0002\000.\0001\0004\000\040\000L\000R}{subsection.8.1.2}% 101
\BOOKMARK [3][-]{subsubsection.8.1.2.15}{\376\377\0008\000.\0001\000.\0002\000.\0001\0005\000\040\000M\000A\000X\000\137\000F\000R\000E\000Q}{subsection.8.1.2}% 102
\BOOKMARK [3][-]{subsubsection.8.1.2.16}{\376\377\0008\000.\0001\000.\0002\000.\0001\0006\000\040\000M\000I\000N\000\137\000F\000R\000E\000Q}{subsection.8.1.2}% 103
\BOOKMARK [3][-]{subsubsection.8.1.2.17}{\376\377\0008\000.\0001\000.\0002\000.\0001\0007\000\040\000M\000O\000T\000O\000R\000\137\000E\000F\000F\000I\000C\000I\000E\000N\000C\000Y}{subsection.8.1.2}% 104
\BOOKMARK [3][-]{subsubsection.8.1.2.18}{\376\377\0008\000.\0001\000.\0002\000.\0001\0008\000\040\000M\000O\000T\000O\000R\000\137\000M\000A\000X\000\137\000T\000E\000M\000P\000E\000R\000A\000T\000U\000R\000E}{subsection.8.1.2}% 105
\BOOKMARK [3][-]{subsubsection.8.1.2.19}{\376\377\0008\000.\0001\000.\0002\000.\0001\0009\000\040\000P\000O\000L\000E}{subsection.8.1.2}% 106
\BOOKMARK [3][-]{subsubsection.8.1.2.20}{\376\377\0008\000.\0001\000.\0002\000.\0002\0000\000\040\000P\000O\000L\000E\000\137\000P\000A\000I\000R}{subsection.8.1.2}% 107
\BOOKMARK [3][-]{subsubsection.8.1.2.21}{\376\377\0008\000.\0001\000.\0002\000.\0002\0001\000\040\000R\000A\000T\000E\000D\000\137\000P\000F}{subsection.8.1.2}% 108
\BOOKMARK [3][-]{subsubsection.8.1.2.22}{\376\377\0008\000.\0001\000.\0002\000.\0002\0002\000\040\000R\000R}{subsection.8.1.2}% 109
\BOOKMARK [3][-]{subsubsection.8.1.2.23}{\376\377\0008\000.\0001\000.\0002\000.\0002\0003\000\040\000R\000S}{subsection.8.1.2}% 110
\BOOKMARK [3][-]{subsubsection.8.1.2.24}{\376\377\0008\000.\0001\000.\0002\000.\0002\0004\000\040\000T\000S}{subsection.8.1.2}% 111
\BOOKMARK [3][-]{subsubsection.8.1.2.25}{\376\377\0008\000.\0001\000.\0002\000.\0002\0005\000\040\000T\000S\000C}{subsection.8.1.2}% 112
\BOOKMARK [3][-]{subsubsection.8.1.2.26}{\376\377\0008\000.\0001\000.\0002\000.\0002\0006\000\040\000T\000V\000E\000C\000T}{subsection.8.1.2}% 113
\BOOKMARK [3][-]{subsubsection.8.1.2.27}{\376\377\0008\000.\0001\000.\0002\000.\0002\0007\000\040\000V\000\137\000N\000O\000M\000\137\000L\000L\000\137\000R\000M\000S}{subsection.8.1.2}% 114
\BOOKMARK [3][-]{subsubsection.8.1.2.28}{\376\377\0008\000.\0001\000.\0002\000.\0002\0008\000\040\000V\000\137\000N\000O\000M\000\137\000P\000H\000A\000S\000E\000\137\000R\000M\000S}{subsection.8.1.2}% 115
\BOOKMARK [3][-]{subsubsection.8.1.2.29}{\376\377\0008\000.\0001\000.\0002\000.\0002\0009\000\040\000V\000D\000C\000\137\000M\000A\000X}{subsection.8.1.2}% 116
\BOOKMARK [3][-]{subsubsection.8.1.2.30}{\376\377\0008\000.\0001\000.\0002\000.\0003\0000\000\040\000V\000D\000C\000\137\000M\000I\000N}{subsection.8.1.2}% 117
\BOOKMARK [3][-]{subsubsection.8.1.2.31}{\376\377\0008\000.\0001\000.\0002\000.\0003\0001\000\040\000V\000D\000C\000\137\000N\000O\000M}{subsection.8.1.2}% 118
\BOOKMARK [3][-]{subsubsection.8.1.2.32}{\376\377\0008\000.\0001\000.\0002\000.\0003\0002\000\040\000V\000I\000N\000\137\000I\000N\000V\000E\000R\000T\000E\000R\000\137\000M\000A\000X}{subsection.8.1.2}% 119
\BOOKMARK [3][-]{subsubsection.8.1.2.33}{\376\377\0008\000.\0001\000.\0002\000.\0003\0003\000\040\000V\000I\000N\000\137\000I\000N\000V\000E\000R\000T\000E\000R\000\137\000M\000I\000N}{subsection.8.1.2}% 120
\BOOKMARK [3][-]{subsubsection.8.1.2.34}{\376\377\0008\000.\0001\000.\0002\000.\0003\0004\000\040\000V\000O\000U\000T\000\137\000I\000N\000V\000E\000R\000T\000E\000R\000\137\000M\000A\000X}{subsection.8.1.2}% 121
\BOOKMARK [3][-]{subsubsection.8.1.2.35}{\376\377\0008\000.\0001\000.\0002\000.\0003\0005\000\040\000V\000O\000U\000T\000\137\000I\000N\000V\000E\000R\000T\000E\000R\000\137\000M\000I\000N}{subsection.8.1.2}% 122
\BOOKMARK [3][-]{subsubsection.8.1.2.36}{\376\377\0008\000.\0001\000.\0002\000.\0003\0006\000\040\000W\000C}{subsection.8.1.2}% 123
\BOOKMARK [1][-]{section.8.2}{\376\377\0008\000.\0002\000\040\000D\000r\000i\000v\000e\000\137\000P\000a\000r\000a\000m\000e\000t\000e\000r\000s\000.\000h}{chapter.8}% 124
\BOOKMARK [1][-]{section.8.3}{\376\377\0008\000.\0003\000\040\000D\000r\000i\000v\000e\000P\000O\000C\000\137\000C\000o\000m\000m\000H\000a\000n\000d\000l\000e\000r\000.\000c\000\040\000F\000i\000l\000e\000\040\000R\000e\000f\000e\000r\000e\000n\000c\000e}{chapter.8}% 125
\BOOKMARK [2][-]{subsection.8.3.1}{\376\377\0008\000.\0003\000.\0001\000\040\000D\000e\000t\000a\000i\000l\000e\000d\000\040\000D\000e\000s\000c\000r\000i\000p\000t\000i\000o\000n}{section.8.3}% 126
\BOOKMARK [1][-]{section.8.4}{\376\377\0008\000.\0004\000\040\000D\000r\000i\000v\000e\000P\000O\000C\000\137\000C\000o\000m\000m\000H\000a\000n\000d\000l\000e\000r\000.\000h\000\040\000F\000i\000l\000e\000\040\000R\000e\000f\000e\000r\000e\000n\000c\000e}{chapter.8}% 127
\BOOKMARK [2][-]{subsection.8.4.1}{\376\377\0008\000.\0004\000.\0001\000\040\000D\000e\000t\000a\000i\000l\000e\000d\000\040\000D\000e\000s\000c\000r\000i\000p\000t\000i\000o\000n}{section.8.4}% 128
\BOOKMARK [1][-]{section.8.5}{\376\377\0008\000.\0005\000\040\000D\000r\000i\000v\000e\000P\000O\000C\000\137\000C\000o\000m\000m\000H\000a\000n\000d\000l\000e\000r\000.\000h}{chapter.8}% 129
\BOOKMARK [1][-]{section.8.6}{\376\377\0008\000.\0006\000\040\000D\000r\000i\000v\000e\000P\000O\000C\000\137\000C\000o\000m\000m\000o\000n\000\137\000H\000e\000a\000d\000e\000r\000.\000h\000\040\000F\000i\000l\000e\000\040\000R\000e\000f\000e\000r\000e\000n\000c\000e}{chapter.8}% 130
\BOOKMARK [2][-]{subsection.8.6.1}{\376\377\0008\000.\0006\000.\0001\000\040\000D\000e\000t\000a\000i\000l\000e\000d\000\040\000D\000e\000s\000c\000r\000i\000p\000t\000i\000o\000n}{section.8.6}% 131
\BOOKMARK [2][-]{subsection.8.6.2}{\376\377\0008\000.\0006\000.\0002\000\040\000T\000y\000p\000e\000d\000e\000f\000\040\000D\000o\000c\000u\000m\000e\000n\000t\000a\000t\000i\000o\000n}{section.8.6}% 132
\BOOKMARK [3][-]{subsubsection.8.6.2.1}{\376\377\0008\000.\0006\000.\0002\000.\0001\000\040\000M\000a\000i\000n\000\137\000S\000M\000\137\000C\000o\000n\000t\000r\000o\000l\000S\000i\000g}{subsection.8.6.2}% 133
\BOOKMARK [3][-]{subsubsection.8.6.2.2}{\376\377\0008\000.\0006\000.\0002\000.\0002\000\040\000M\000a\000i\000n\000\137\000S\000M\000\137\000S\000t\000a\000t\000e\000s}{subsection.8.6.2}% 134
\BOOKMARK [3][-]{subsubsection.8.6.2.3}{\376\377\0008\000.\0006\000.\0002\000.\0003\000\040\000m\000c\000s\000\137\000a\000c\000i\000m\000\137\000o\000p\000e\000n\000\137\000l\000o\000o\000p\000\137\000s\000t\000r}{subsection.8.6.2}% 135
\BOOKMARK [3][-]{subsubsection.8.6.2.4}{\376\377\0008\000.\0006\000.\0002\000.\0004\000\040\000M\000o\000t\000o\000r\000\137\000S\000M\000\137\000C\000o\000n\000t\000r\000o\000l\000S\000i\000g}{subsection.8.6.2}% 136
\BOOKMARK [3][-]{subsubsection.8.6.2.5}{\376\377\0008\000.\0006\000.\0002\000.\0005\000\040\000M\000o\000t\000o\000r\000\137\000S\000M\000\137\000S\000t\000a\000t\000e\000s}{subsection.8.6.2}% 137
\BOOKMARK [2][-]{subsection.8.6.3}{\376\377\0008\000.\0006\000.\0003\000\040\000E\000n\000u\000m\000e\000r\000a\000t\000i\000o\000n\000\040\000T\000y\000p\000e\000\040\000D\000o\000c\000u\000m\000e\000n\000t\000a\000t\000i\000o\000n}{section.8.6}% 138
\BOOKMARK [3][-]{subsubsection.8.6.3.1}{\376\377\0008\000.\0006\000.\0003\000.\0001\000\040\000M\000a\000i\000n\000\137\000S\000M\000\137\000S\000t\000a\000t\000e\000s}{subsection.8.6.3}% 139
\BOOKMARK [3][-]{subsubsection.8.6.3.2}{\376\377\0008\000.\0006\000.\0003\000.\0002\000\040\000M\000o\000t\000o\000r\000\137\000S\000M\000\137\000S\000t\000a\000t\000e\000s}{subsection.8.6.3}% 140
\BOOKMARK [1][-]{section.8.7}{\376\377\0008\000.\0007\000\040\000D\000r\000i\000v\000e\000P\000O\000C\000\137\000C\000o\000m\000m\000o\000n\000\137\000H\000e\000a\000d\000e\000r\000.\000h}{chapter.8}% 141
\BOOKMARK [1][-]{section.8.8}{\376\377\0008\000.\0008\000\040\000D\000r\000i\000v\000e\000P\000O\000C\000\137\000C\000o\000n\000t\000r\000o\000l\000\137\000L\000o\000o\000p\000.\000c\000\040\000F\000i\000l\000e\000\040\000R\000e\000f\000e\000r\000e\000n\000c\000e}{chapter.8}% 142
\BOOKMARK [2][-]{subsection.8.8.1}{\376\377\0008\000.\0008\000.\0001\000\040\000D\000e\000t\000a\000i\000l\000e\000d\000\040\000D\000e\000s\000c\000r\000i\000p\000t\000i\000o\000n}{section.8.8}% 143
\BOOKMARK [2][-]{subsection.8.8.2}{\376\377\0008\000.\0008\000.\0002\000\040\000V\000a\000r\000i\000a\000b\000l\000e\000\040\000D\000o\000c\000u\000m\000e\000n\000t\000a\000t\000i\000o\000n}{section.8.8}% 144
\BOOKMARK [3][-]{subsubsection.8.8.2.1}{\376\377\0008\000.\0008\000.\0002\000.\0001\000\040\000m\000a\000i\000n\000\137\000c\000t\000r\000l\000\137\000s\000i\000g}{subsection.8.8.2}% 145
\BOOKMARK [3][-]{subsubsection.8.8.2.2}{\376\377\0008\000.\0008\000.\0002\000.\0002\000\040\000m\000a\000i\000n\000\137\000s\000m\000\137\000s\000t\000a\000t\000e}{subsection.8.8.2}% 146
\BOOKMARK [3][-]{subsubsection.8.8.2.3}{\376\377\0008\000.\0008\000.\0002\000.\0003\000\040\000m\000o\000t\000o\000r\000\137\000c\000t\000r\000l\000\137\000s\000i\000g}{subsection.8.8.2}% 147
\BOOKMARK [3][-]{subsubsection.8.8.2.4}{\376\377\0008\000.\0008\000.\0002\000.\0004\000\040\000m\000o\000t\000o\000r\000\137\000s\000m\000\137\000s\000t\000a\000t\000e}{subsection.8.8.2}% 148
\BOOKMARK [1][-]{section.8.9}{\376\377\0008\000.\0009\000\040\000D\000r\000i\000v\000e\000P\000O\000C\000\137\000C\000o\000n\000t\000r\000o\000l\000\137\000L\000o\000o\000p\000.\000h\000\040\000F\000i\000l\000e\000\040\000R\000e\000f\000e\000r\000e\000n\000c\000e}{chapter.8}% 149
\BOOKMARK [2][-]{subsection.8.9.1}{\376\377\0008\000.\0009\000.\0001\000\040\000D\000e\000t\000a\000i\000l\000e\000d\000\040\000D\000e\000s\000c\000r\000i\000p\000t\000i\000o\000n}{section.8.9}% 150
\BOOKMARK [1][-]{section.8.10}{\376\377\0008\000.\0001\0000\000\040\000D\000r\000i\000v\000e\000P\000O\000C\000\137\000C\000o\000n\000t\000r\000o\000l\000\137\000L\000o\000o\000p\000.\000h}{chapter.8}% 151
\BOOKMARK [1][-]{section.8.11}{\376\377\0008\000.\0001\0001\000\040\000D\000r\000i\000v\000e\000P\000O\000C\000\137\000C\000o\000n\000t\000r\000o\000l\000l\000e\000r\000\137\000N\000X\000P\000.\000c\000\040\000F\000i\000l\000e\000\040\000R\000e\000f\000e\000r\000e\000n\000c\000e}{chapter.8}% 152
\BOOKMARK [2][-]{subsection.8.11.1}{\376\377\0008\000.\0001\0001\000.\0001\000\040\000D\000e\000t\000a\000i\000l\000e\000d\000\040\000D\000e\000s\000c\000r\000i\000p\000t\000i\000o\000n}{section.8.11}% 153
\BOOKMARK [2][-]{subsection.8.11.2}{\376\377\0008\000.\0001\0001\000.\0002\000\040\000F\000u\000n\000c\000t\000i\000o\000n\000\040\000D\000o\000c\000u\000m\000e\000n\000t\000a\000t\000i\000o\000n}{section.8.11}% 154
\BOOKMARK [3][-]{subsubsection.8.11.2.1}{\376\377\0008\000.\0001\0001\000.\0002\000.\0001\000\040\000m\000a\000i\000n\000\050\000\051}{subsection.8.11.2}% 155
\BOOKMARK [3][-]{subsubsection.8.11.2.2}{\376\377\0008\000.\0001\0001\000.\0002\000.\0002\000\040\000P\000I\000T\000\137\000C\000o\000n\000f\000i\000g\000u\000r\000a\000t\000i\000o\000n\000\050\000\051}{subsection.8.11.2}% 156
\BOOKMARK [3][-]{subsubsection.8.11.2.3}{\376\377\0008\000.\0001\0001\000.\0002\000.\0003\000\040\000P\000I\000T\000\137\000I\000R\000Q\000\137\000H\000A\000N\000D\000L\000E\000R\000\050\000\051}{subsection.8.11.2}% 157
\BOOKMARK [1][-]{section.8.12}{\376\377\0008\000.\0001\0002\000\040\000D\000r\000i\000v\000e\000P\000O\000C\000\137\000C\000o\000n\000t\000r\000o\000l\000l\000e\000r\000\137\000N\000X\000P\000.\000h\000\040\000F\000i\000l\000e\000\040\000R\000e\000f\000e\000r\000e\000n\000c\000e}{chapter.8}% 158
\BOOKMARK [2][-]{subsection.8.12.1}{\376\377\0008\000.\0001\0002\000.\0001\000\040\000D\000e\000t\000a\000i\000l\000e\000d\000\040\000D\000e\000s\000c\000r\000i\000p\000t\000i\000o\000n}{section.8.12}% 159
\BOOKMARK [2][-]{subsection.8.12.2}{\376\377\0008\000.\0001\0002\000.\0002\000\040\000M\000a\000c\000r\000o\000\040\000D\000e\000f\000i\000n\000i\000t\000i\000o\000n\000\040\000D\000o\000c\000u\000m\000e\000n\000t\000a\000t\000i\000o\000n}{section.8.12}% 160
\BOOKMARK [3][-]{subsubsection.8.12.2.1}{\376\377\0008\000.\0001\0002\000.\0002\000.\0001\000\040\000F\000T\000M\000\137\000S\000O\000U\000R\000C\000E\000\137\000C\000L\000O\000C\000K}{subsection.8.12.2}% 161
\BOOKMARK [3][-]{subsubsection.8.12.2.2}{\376\377\0008\000.\0001\0002\000.\0002\000.\0002\000\040\000L\000T\000C\000\137\000F\000R\000E\000Q}{subsection.8.12.2}% 162
\BOOKMARK [3][-]{subsubsection.8.12.2.3}{\376\377\0008\000.\0001\0002\000.\0002\000.\0003\000\040\000P\000I\000T\000\137\000I\000R\000Q\000\137\000H\000A\000N\000D\000L\000E\000R}{subsection.8.12.2}% 163
\BOOKMARK [3][-]{subsubsection.8.12.2.4}{\376\377\0008\000.\0001\0002\000.\0002\000.\0004\000\040\000P\000I\000T\000\137\000I\000R\000Q\000\137\000I\000D}{subsection.8.12.2}% 164
\BOOKMARK [3][-]{subsubsection.8.12.2.5}{\376\377\0008\000.\0001\0002\000.\0002\000.\0005\000\040\000P\000I\000T\000\137\000S\000O\000U\000R\000C\000E\000\137\000C\000L\000O\000C\000K}{subsection.8.12.2}% 165
\BOOKMARK [3][-]{subsubsection.8.12.2.6}{\376\377\0008\000.\0001\0002\000.\0002\000.\0006\000\040\000P\000R\000I\000N\000T\000I\000N\000G\000\137\000F\000R\000E\000Q}{subsection.8.12.2}% 166
\BOOKMARK [2][-]{subsection.8.12.3}{\376\377\0008\000.\0001\0002\000.\0003\000\040\000F\000u\000n\000c\000t\000i\000o\000n\000\040\000D\000o\000c\000u\000m\000e\000n\000t\000a\000t\000i\000o\000n}{section.8.12}% 167
\BOOKMARK [3][-]{subsubsection.8.12.3.1}{\376\377\0008\000.\0001\0002\000.\0003\000.\0001\000\040\000P\000I\000T\000\137\000C\000o\000n\000f\000i\000g\000u\000r\000a\000t\000i\000o\000n\000\050\000\051}{subsection.8.12.3}% 168
\BOOKMARK [1][-]{section.8.13}{\376\377\0008\000.\0001\0003\000\040\000D\000r\000i\000v\000e\000P\000O\000C\000\137\000C\000o\000n\000t\000r\000o\000l\000l\000e\000r\000\137\000N\000X\000P\000.\000h}{chapter.8}% 169
\BOOKMARK [1][-]{section.8.14}{\376\377\0008\000.\0001\0004\000\040\000D\000r\000i\000v\000e\000P\000O\000C\000\137\000F\000a\000u\000l\000t\000H\000a\000n\000d\000l\000e\000r\000.\000c\000\040\000F\000i\000l\000e\000\040\000R\000e\000f\000e\000r\000e\000n\000c\000e}{chapter.8}% 170
\BOOKMARK [2][-]{subsection.8.14.1}{\376\377\0008\000.\0001\0004\000.\0001\000\040\000D\000e\000t\000a\000i\000l\000e\000d\000\040\000D\000e\000s\000c\000r\000i\000p\000t\000i\000o\000n}{section.8.14}% 171
\BOOKMARK [1][-]{section.8.15}{\376\377\0008\000.\0001\0005\000\040\000D\000r\000i\000v\000e\000P\000O\000C\000\137\000F\000a\000u\000l\000t\000H\000a\000n\000d\000l\000e\000r\000.\000h\000\040\000F\000i\000l\000e\000\040\000R\000e\000f\000e\000r\000e\000n\000c\000e}{chapter.8}% 172
\BOOKMARK [2][-]{subsection.8.15.1}{\376\377\0008\000.\0001\0005\000.\0001\000\040\000D\000e\000t\000a\000i\000l\000e\000d\000\040\000D\000e\000s\000c\000r\000i\000p\000t\000i\000o\000n}{section.8.15}% 173
\BOOKMARK [1][-]{section.8.16}{\376\377\0008\000.\0001\0006\000\040\000D\000r\000i\000v\000e\000P\000O\000C\000\137\000F\000a\000u\000l\000t\000H\000a\000n\000d\000l\000e\000r\000.\000h}{chapter.8}% 174
\BOOKMARK [1][-]{section.8.17}{\376\377\0008\000.\0001\0007\000\040\000D\000r\000i\000v\000e\000P\000O\000C\000\137\000M\000e\000m\000H\000a\000n\000d\000l\000e\000r\000.\000c\000\040\000F\000i\000l\000e\000\040\000R\000e\000f\000e\000r\000e\000n\000c\000e}{chapter.8}% 175
\BOOKMARK [2][-]{subsection.8.17.1}{\376\377\0008\000.\0001\0007\000.\0001\000\040\000D\000e\000t\000a\000i\000l\000e\000d\000\040\000D\000e\000s\000c\000r\000i\000p\000t\000i\000o\000n}{section.8.17}% 176
\BOOKMARK [2][-]{subsection.8.17.2}{\376\377\0008\000.\0001\0007\000.\0002\000\040\000V\000a\000r\000i\000a\000b\000l\000e\000\040\000D\000o\000c\000u\000m\000e\000n\000t\000a\000t\000i\000o\000n}{section.8.17}% 177
\BOOKMARK [3][-]{subsubsection.8.17.2.1}{\376\377\0008\000.\0001\0007\000.\0002\000.\0001\000\040\000d\000u\000t\000y\000\137\000c\000y\000c\000l\000e}{subsection.8.17.2}% 178
\BOOKMARK [3][-]{subsubsection.8.17.2.2}{\376\377\0008\000.\0001\0007\000.\0002\000.\0002\000\040\000d\000u\000t\000y\000\137\000c\000y\000c\000l\000e\000\137\0003\0000\0000\0000\0000\000h\000z\000\137\0006\0006\0009\000h\000z}{subsection.8.17.2}% 179
\BOOKMARK [3][-]{subsubsection.8.17.2.3}{\376\377\0008\000.\0001\0007\000.\0002\000.\0003\000\040\000d\000u\000t\000y\000\137\000c\000y\000c\000l\000e\000\137\0003\0000\0000\0000\0000\000h\000z\000\137\0008\0000\0000\000h\000z}{subsection.8.17.2}% 180
\BOOKMARK [3][-]{subsubsection.8.17.2.4}{\376\377\0008\000.\0001\0007\000.\0002\000.\0004\000\040\000d\000u\000t\000y\000\137\000c\000y\000c\000l\000e\000\137\0004\0000\0000\0000\0000\000h\000z\000\137\0006\0006\0009\000h\000z}{subsection.8.17.2}% 181
\BOOKMARK [3][-]{subsubsection.8.17.2.5}{\376\377\0008\000.\0001\0007\000.\0002\000.\0005\000\040\000d\000u\000t\000y\000\137\000c\000y\000c\000l\000e\000\137\0004\0000\0000\0000\0000\000h\000z\000\137\0008\0000\0000\000h\000z}{subsection.8.17.2}% 182
\BOOKMARK [3][-]{subsubsection.8.17.2.6}{\376\377\0008\000.\0001\0007\000.\0002\000.\0006\000\040\000d\000u\000t\000y\000\137\000c\000y\000c\000l\000e\000\137\0005\0000\0000\0000\0000\000h\000z\000\137\0006\0006\0009\000h\000z}{subsection.8.17.2}% 183
\BOOKMARK [3][-]{subsubsection.8.17.2.7}{\376\377\0008\000.\0001\0007\000.\0002\000.\0007\000\040\000d\000u\000t\000y\000\137\000c\000y\000c\000l\000e\000\137\0005\0000\0000\0000\0000\000h\000z\000\137\0008\0000\0000\000h\000z}{subsection.8.17.2}% 184
\BOOKMARK [1][-]{section.8.18}{\376\377\0008\000.\0001\0008\000\040\000D\000r\000i\000v\000e\000P\000O\000C\000\137\000M\000e\000m\000H\000a\000n\000d\000l\000e\000r\000.\000h\000\040\000F\000i\000l\000e\000\040\000R\000e\000f\000e\000r\000e\000n\000c\000e}{chapter.8}% 185
\BOOKMARK [2][-]{subsection.8.18.1}{\376\377\0008\000.\0001\0008\000.\0001\000\040\000D\000e\000t\000a\000i\000l\000e\000d\000\040\000D\000e\000s\000c\000r\000i\000p\000t\000i\000o\000n}{section.8.18}% 186
\BOOKMARK [1][-]{section.8.19}{\376\377\0008\000.\0001\0009\000\040\000D\000r\000i\000v\000e\000P\000O\000C\000\137\000M\000e\000m\000H\000a\000n\000d\000l\000e\000r\000.\000h}{chapter.8}% 187
